<?xml version="1.0" encoding="UTF-8"?>
<!-- Generated by org.testng.reporters.JUnitXMLReporter -->
<testsuite ignored="0" hostname="ASHWIN" failures="1" tests="1" name="11th" time="44.152" errors="0" timestamp="2024-01-12T14:41:49 IST">
  <testcase classname="tests.EleventhSTDAttendance" name="EleventhStdAttendance" time="10.014">
    <failure type="org.testng.internal.thread.ThreadTimeoutException" message="Method tests.EleventhSTDAttendance.EleventhStdAttendance() didn&amp;apos;t finish within the time-out 10000">
      <![CDATA[org.testng.internal.thread.ThreadTimeoutException: Method tests.EleventhSTDAttendance.EleventhStdAttendance() didn't finish within the time-out 10000
at java.base/java.util.ArrayList.forEach(ArrayList.java:1511)
at java.base/java.util.concurrent.FutureTask.run(FutureTask.java:317)
at java.base/java.util.concurrent.ThreadPoolExecutor.runWorker(ThreadPoolExecutor.java:1144)
at java.base/java.util.concurrent.ThreadPoolExecutor$Worker.run(ThreadPoolExecutor.java:642)
at java.base/java.lang.Thread.run(Thread.java:1623)
... Removed 15 stack frames]]>
    </failure>
  </testcase> <!-- EleventhStdAttendance -->
</testsuite> <!-- 11th -->
