<?xml version="1.0" encoding="UTF-8"?>
<!-- Generated by org.testng.reporters.JUnitXMLReporter -->
<testsuite ignored="0" hostname="ASHWIN" failures="0" tests="500" name="Default test" time="646.075" errors="0" timestamp="2024-01-10T15:31:14 IST">
  <testcase classname="tests.DairyRefresh" name="viewDiary" time="0.268"/>
  <testcase classname="tests.DairyRefresh" name="viewDiary" time="2.208"/>
  <testcase classname="tests.DairyRefresh" name="viewDiary" time="0.314"/>
  <testcase classname="tests.DairyRefresh" name="viewDiary" time="2.183"/>
  <testcase classname="tests.DairyRefresh" name="viewDiary" time="0.297"/>
  <testcase classname="tests.DairyRefresh" name="viewDiary" time="2.221"/>
  <testcase classname="tests.DairyRefresh" name="viewDiary" time="0.363"/>
  <testcase classname="tests.DairyRefresh" name="viewDiary" time="2.148"/>
  <testcase classname="tests.DairyRefresh" name="viewDiary" time="0.337"/>
  <testcase classname="tests.DairyRefresh" name="viewDiary" time="2.165"/>
  <testcase classname="tests.DairyRefresh" name="viewDiary" time="0.317"/>
  <testcase classname="tests.DairyRefresh" name="viewDiary" time="2.151"/>
  <testcase classname="tests.DairyRefresh" name="viewDiary" time="0.316"/>
  <testcase classname="tests.DairyRefresh" name="viewDiary" time="2.163"/>
  <testcase classname="tests.DairyRefresh" name="viewDiary" time="0.333"/>
  <testcase classname="tests.DairyRefresh" name="viewDiary" time="2.151"/>
  <testcase classname="tests.DairyRefresh" name="viewDiary" time="0.316"/>
  <testcase classname="tests.DairyRefresh" name="viewDiary" time="2.181"/>
  <testcase classname="tests.DairyRefresh" name="viewDiary" time="0.348"/>
  <testcase classname="tests.DairyRefresh" name="viewDiary" time="2.149"/>
  <testcase classname="tests.DairyRefresh" name="viewDiary" time="0.323"/>
  <testcase classname="tests.DairyRefresh" name="viewDiary" time="2.156"/>
  <testcase classname="tests.DairyRefresh" name="viewDiary" time="0.333"/>
  <testcase classname="tests.DairyRefresh" name="viewDiary" time="2.178"/>
  <testcase classname="tests.DairyRefresh" name="viewDiary" time="0.304"/>
  <testcase classname="tests.DairyRefresh" name="viewDiary" time="2.2"/>
  <testcase classname="tests.DairyRefresh" name="viewDiary" time="0.263"/>
  <testcase classname="tests.DairyRefresh" name="viewDiary" time="2.238"/>
  <testcase classname="tests.DairyRefresh" name="viewDiary" time="0.246"/>
  <testcase classname="tests.DairyRefresh" name="viewDiary" time="2.266"/>
  <testcase classname="tests.DairyRefresh" name="viewDiary" time="0.204"/>
  <testcase classname="tests.DairyRefresh" name="viewDiary" time="2.263"/>
  <testcase classname="tests.DairyRefresh" name="viewDiary" time="0.221"/>
  <testcase classname="tests.DairyRefresh" name="viewDiary" time="2.27"/>
  <testcase classname="tests.DairyRefresh" name="viewDiary" time="0.205"/>
  <testcase classname="tests.DairyRefresh" name="viewDiary" time="2.236"/>
  <testcase classname="tests.DairyRefresh" name="viewDiary" time="0.23"/>
  <testcase classname="tests.DairyRefresh" name="viewDiary" time="2.251"/>
  <testcase classname="tests.DairyRefresh" name="viewDiary" time="0.228"/>
  <testcase classname="tests.DairyRefresh" name="viewDiary" time="2.255"/>
  <testcase classname="tests.DairyRefresh" name="viewDiary" time="0.226"/>
  <testcase classname="tests.DairyRefresh" name="viewDiary" time="2.255"/>
  <testcase classname="tests.DairyRefresh" name="viewDiary" time="0.219"/>
  <testcase classname="tests.DairyRefresh" name="viewDiary" time="2.226"/>
  <testcase classname="tests.DairyRefresh" name="viewDiary" time="0.262"/>
  <testcase classname="tests.DairyRefresh" name="viewDiary" time="2.19"/>
  <testcase classname="tests.DairyRefresh" name="viewDiary" time="0.308"/>
  <testcase classname="tests.DairyRefresh" name="viewDiary" time="2.19"/>
  <testcase classname="tests.DairyRefresh" name="viewDiary" time="0.276"/>
  <testcase classname="tests.DairyRefresh" name="viewDiary" time="2.208"/>
  <testcase classname="tests.DairyRefresh" name="viewDiary" time="0.259"/>
  <testcase classname="tests.DairyRefresh" name="viewDiary" time="2.206"/>
  <testcase classname="tests.DairyRefresh" name="viewDiary" time="0.279"/>
  <testcase classname="tests.DairyRefresh" name="viewDiary" time="2.22"/>
  <testcase classname="tests.DairyRefresh" name="viewDiary" time="0.265"/>
  <testcase classname="tests.DairyRefresh" name="viewDiary" time="2.185"/>
  <testcase classname="tests.DairyRefresh" name="viewDiary" time="0.3"/>
  <testcase classname="tests.DairyRefresh" name="viewDiary" time="2.183"/>
  <testcase classname="tests.DairyRefresh" name="viewDiary" time="0.278"/>
  <testcase classname="tests.DairyRefresh" name="viewDiary" time="2.206"/>
  <testcase classname="tests.DairyRefresh" name="viewDiary" time="0.299"/>
  <testcase classname="tests.DairyRefresh" name="viewDiary" time="2.183"/>
  <testcase classname="tests.DairyRefresh" name="viewDiary" time="0.299"/>
  <testcase classname="tests.DairyRefresh" name="viewDiary" time="2.173"/>
  <testcase classname="tests.DairyRefresh" name="viewDiary" time="0.318"/>
  <testcase classname="tests.DairyRefresh" name="viewDiary" time="2.181"/>
  <testcase classname="tests.DairyRefresh" name="viewDiary" time="0.279"/>
  <testcase classname="tests.DairyRefresh" name="viewDiary" time="2.188"/>
  <testcase classname="tests.DairyRefresh" name="viewDiary" time="0.3"/>
  <testcase classname="tests.DairyRefresh" name="viewDiary" time="2.185"/>
  <testcase classname="tests.DairyRefresh" name="viewDiary" time="0.311"/>
  <testcase classname="tests.DairyRefresh" name="viewDiary" time="2.167"/>
  <testcase classname="tests.DairyRefresh" name="viewDiary" time="0.319"/>
  <testcase classname="tests.DairyRefresh" name="viewDiary" time="2.149"/>
  <testcase classname="tests.DairyRefresh" name="viewDiary" time="0.346"/>
  <testcase classname="tests.DairyRefresh" name="viewDiary" time="2.138"/>
  <testcase classname="tests.DairyRefresh" name="viewDiary" time="0.325"/>
  <testcase classname="tests.DairyRefresh" name="viewDiary" time="2.168"/>
  <testcase classname="tests.DairyRefresh" name="viewDiary" time="0.286"/>
  <testcase classname="tests.DairyRefresh" name="viewDiary" time="2.182"/>
  <testcase classname="tests.DairyRefresh" name="viewDiary" time="0.315"/>
  <testcase classname="tests.DairyRefresh" name="viewDiary" time="2.135"/>
  <testcase classname="tests.DairyRefresh" name="viewDiary" time="0.347"/>
  <testcase classname="tests.DairyRefresh" name="viewDiary" time="2.142"/>
  <testcase classname="tests.DairyRefresh" name="viewDiary" time="0.354"/>
  <testcase classname="tests.DairyRefresh" name="viewDiary" time="2.101"/>
  <testcase classname="tests.DairyRefresh" name="viewDiary" time="0.36"/>
  <testcase classname="tests.DairyRefresh" name="viewDiary" time="2.121"/>
  <testcase classname="tests.DairyRefresh" name="viewDiary" time="0.381"/>
  <testcase classname="tests.DairyRefresh" name="viewDiary" time="2.113"/>
  <testcase classname="tests.DairyRefresh" name="viewDiary" time="0.37"/>
  <testcase classname="tests.DairyRefresh" name="viewDiary" time="2.086"/>
  <testcase classname="tests.DairyRefresh" name="viewDiary" time="0.366"/>
  <testcase classname="tests.DairyRefresh" name="viewDiary" time="2.13"/>
  <testcase classname="tests.DairyRefresh" name="viewDiary" time="0.349"/>
  <testcase classname="tests.DairyRefresh" name="viewDiary" time="2.168"/>
  <testcase classname="tests.DairyRefresh" name="viewDiary" time="0.315"/>
  <testcase classname="tests.DairyRefresh" name="viewDiary" time="2.147"/>
  <testcase classname="tests.DairyRefresh" name="viewDiary" time="0.337"/>
  <testcase classname="tests.DairyRefresh" name="viewDiary" time="2.132"/>
  <testcase classname="tests.DairyRefresh" name="viewDiary" time="0.334"/>
  <testcase classname="tests.DairyRefresh" name="viewDiary" time="2.131"/>
  <testcase classname="tests.DairyRefresh" name="viewDiary" time="0.348"/>
  <testcase classname="tests.DairyRefresh" name="viewDiary" time="2.131"/>
  <testcase classname="tests.DairyRefresh" name="viewDiary" time="0.369"/>
  <testcase classname="tests.DairyRefresh" name="viewDiary" time="2.115"/>
  <testcase classname="tests.DairyRefresh" name="viewDiary" time="0.362"/>
  <testcase classname="tests.DairyRefresh" name="viewDiary" time="2.107"/>
  <testcase classname="tests.DairyRefresh" name="viewDiary" time="0.382"/>
  <testcase classname="tests.DairyRefresh" name="viewDiary" time="2.114"/>
  <testcase classname="tests.DairyRefresh" name="viewDiary" time="0.367"/>
  <testcase classname="tests.DairyRefresh" name="viewDiary" time="2.098"/>
  <testcase classname="tests.DairyRefresh" name="viewDiary" time="0.401"/>
  <testcase classname="tests.DairyRefresh" name="viewDiary" time="2.065"/>
  <testcase classname="tests.DairyRefresh" name="viewDiary" time="0.419"/>
  <testcase classname="tests.DairyRefresh" name="viewDiary" time="2.066"/>
  <testcase classname="tests.DairyRefresh" name="viewDiary" time="0.383"/>
  <testcase classname="tests.DairyRefresh" name="viewDiary" time="2.082"/>
  <testcase classname="tests.DairyRefresh" name="viewDiary" time="0.381"/>
  <testcase classname="tests.DairyRefresh" name="viewDiary" time="2.118"/>
  <testcase classname="tests.DairyRefresh" name="viewDiary" time="0.365"/>
  <testcase classname="tests.DairyRefresh" name="viewDiary" time="2.134"/>
  <testcase classname="tests.DairyRefresh" name="viewDiary" time="0.334"/>
  <testcase classname="tests.DairyRefresh" name="viewDiary" time="2.169"/>
  <testcase classname="tests.DairyRefresh" name="viewDiary" time="0.295"/>
  <testcase classname="tests.DairyRefresh" name="viewDiary" time="2.197"/>
  <testcase classname="tests.DairyRefresh" name="viewDiary" time="0.288"/>
  <testcase classname="tests.DairyRefresh" name="viewDiary" time="2.179"/>
  <testcase classname="tests.DairyRefresh" name="viewDiary" time="0.294"/>
  <testcase classname="tests.DairyRefresh" name="viewDiary" time="2.185"/>
  <testcase classname="tests.DairyRefresh" name="viewDiary" time="0.284"/>
  <testcase classname="tests.DairyRefresh" name="viewDiary" time="2.199"/>
  <testcase classname="tests.DairyRefresh" name="viewDiary" time="0.264"/>
  <testcase classname="tests.DairyRefresh" name="viewDiary" time="2.203"/>
  <testcase classname="tests.DairyRefresh" name="viewDiary" time="0.283"/>
  <testcase classname="tests.DairyRefresh" name="viewDiary" time="2.215"/>
  <testcase classname="tests.DairyRefresh" name="viewDiary" time="0.248"/>
  <testcase classname="tests.DairyRefresh" name="viewDiary" time="2.22"/>
  <testcase classname="tests.DairyRefresh" name="viewDiary" time="0.257"/>
  <testcase classname="tests.DairyRefresh" name="viewDiary" time="2.222"/>
  <testcase classname="tests.DairyRefresh" name="viewDiary" time="0.246"/>
  <testcase classname="tests.DairyRefresh" name="viewDiary" time="2.201"/>
  <testcase classname="tests.DairyRefresh" name="viewDiary" time="0.282"/>
  <testcase classname="tests.DairyRefresh" name="viewDiary" time="2.185"/>
  <testcase classname="tests.DairyRefresh" name="viewDiary" time="0.299"/>
  <testcase classname="tests.DairyRefresh" name="viewDiary" time="2.164"/>
  <testcase classname="tests.DairyRefresh" name="viewDiary" time="0.302"/>
  <testcase classname="tests.DairyRefresh" name="viewDiary" time="2.166"/>
  <testcase classname="tests.DairyRefresh" name="viewDiary" time="0.281"/>
  <testcase classname="tests.DairyRefresh" name="viewDiary" time="2.201"/>
  <testcase classname="tests.DairyRefresh" name="viewDiary" time="0.281"/>
  <testcase classname="tests.DairyRefresh" name="viewDiary" time="2.2"/>
  <testcase classname="tests.DairyRefresh" name="viewDiary" time="0.263"/>
  <testcase classname="tests.DairyRefresh" name="viewDiary" time="2.236"/>
  <testcase classname="tests.DairyRefresh" name="viewDiary" time="0.228"/>
  <testcase classname="tests.DairyRefresh" name="viewDiary" time="2.243"/>
  <testcase classname="tests.DairyRefresh" name="viewDiary" time="0.242"/>
  <testcase classname="tests.DairyRefresh" name="viewDiary" time="2.24"/>
  <testcase classname="tests.DairyRefresh" name="viewDiary" time="0.261"/>
  <testcase classname="tests.DairyRefresh" name="viewDiary" time="2.223"/>
  <testcase classname="tests.DairyRefresh" name="viewDiary" time="0.259"/>
  <testcase classname="tests.DairyRefresh" name="viewDiary" time="2.225"/>
  <testcase classname="tests.DairyRefresh" name="viewDiary" time="0.26"/>
  <testcase classname="tests.DairyRefresh" name="viewDiary" time="2.236"/>
  <testcase classname="tests.DairyRefresh" name="viewDiary" time="0.262"/>
  <testcase classname="tests.DairyRefresh" name="viewDiary" time="2.22"/>
  <testcase classname="tests.DairyRefresh" name="viewDiary" time="0.252"/>
  <testcase classname="tests.DairyRefresh" name="viewDiary" time="2.215"/>
  <testcase classname="tests.DairyRefresh" name="viewDiary" time="0.277"/>
  <testcase classname="tests.DairyRefresh" name="viewDiary" time="2.205"/>
  <testcase classname="tests.DairyRefresh" name="viewDiary" time="0.265"/>
  <testcase classname="tests.DairyRefresh" name="viewDiary" time="2.184"/>
  <testcase classname="tests.DairyRefresh" name="viewDiary" time="0.298"/>
  <testcase classname="tests.DairyRefresh" name="viewDiary" time="2.184"/>
  <testcase classname="tests.DairyRefresh" name="viewDiary" time="0.311"/>
  <testcase classname="tests.DairyRefresh" name="viewDiary" time="2.167"/>
  <testcase classname="tests.DairyRefresh" name="viewDiary" time="0.317"/>
  <testcase classname="tests.DairyRefresh" name="viewDiary" time="2.195"/>
  <testcase classname="tests.DairyRefresh" name="viewDiary" time="0.272"/>
  <testcase classname="tests.DairyRefresh" name="viewDiary" time="2.245"/>
  <testcase classname="tests.DairyRefresh" name="viewDiary" time="0.236"/>
  <testcase classname="tests.DairyRefresh" name="viewDiary" time="2.248"/>
  <testcase classname="tests.DairyRefresh" name="viewDiary" time="0.206"/>
  <testcase classname="tests.DairyRefresh" name="viewDiary" time="2.256"/>
  <testcase classname="tests.DairyRefresh" name="viewDiary" time="0.204"/>
  <testcase classname="tests.DairyRefresh" name="viewDiary" time="2.26"/>
  <testcase classname="tests.DairyRefresh" name="viewDiary" time="0.22"/>
  <testcase classname="tests.DairyRefresh" name="viewDiary" time="2.247"/>
  <testcase classname="tests.DairyRefresh" name="viewDiary" time="0.228"/>
  <testcase classname="tests.DairyRefresh" name="viewDiary" time="2.27"/>
  <testcase classname="tests.DairyRefresh" name="viewDiary" time="0.22"/>
  <testcase classname="tests.DairyRefresh" name="viewDiary" time="2.229"/>
  <testcase classname="tests.DairyRefresh" name="viewDiary" time="0.3"/>
  <testcase classname="tests.DairyRefresh" name="viewDiary" time="2.214"/>
  <testcase classname="tests.DairyRefresh" name="viewDiary" time="0.25"/>
  <testcase classname="tests.DairyRefresh" name="viewDiary" time="2.228"/>
  <testcase classname="tests.DairyRefresh" name="viewDiary" time="0.251"/>
  <testcase classname="tests.DairyRefresh" name="viewDiary" time="2.282"/>
  <testcase classname="tests.DairyRefresh" name="viewDiary" time="0.207"/>
  <testcase classname="tests.DairyRefresh" name="viewDiary" time="2.278"/>
  <testcase classname="tests.DairyRefresh" name="viewDiary" time="0.201"/>
  <testcase classname="tests.DairyRefresh" name="viewDiary" time="2.281"/>
  <testcase classname="tests.DairyRefresh" name="viewDiary" time="0.203"/>
  <testcase classname="tests.DairyRefresh" name="viewDiary" time="2.262"/>
  <testcase classname="tests.DairyRefresh" name="viewDiary" time="0.222"/>
  <testcase classname="tests.DairyRefresh" name="viewDiary" time="2.259"/>
  <testcase classname="tests.DairyRefresh" name="viewDiary" time="0.202"/>
  <testcase classname="tests.DairyRefresh" name="viewDiary" time="2.25"/>
  <testcase classname="tests.DairyRefresh" name="viewDiary" time="0.216"/>
  <testcase classname="tests.DairyRefresh" name="viewDiary" time="2.245"/>
  <testcase classname="tests.DairyRefresh" name="viewDiary" time="0.256"/>
  <testcase classname="tests.DairyRefresh" name="viewDiary" time="2.195"/>
  <testcase classname="tests.DairyRefresh" name="viewDiary" time="0.278"/>
  <testcase classname="tests.DairyRefresh" name="viewDiary" time="2.221"/>
  <testcase classname="tests.DairyRefresh" name="viewDiary" time="0.285"/>
  <testcase classname="tests.DairyRefresh" name="viewDiary" time="2.199"/>
  <testcase classname="tests.DairyRefresh" name="viewDiary" time="0.249"/>
  <testcase classname="tests.DairyRefresh" name="viewDiary" time="2.231"/>
  <testcase classname="tests.DairyRefresh" name="viewDiary" time="0.248"/>
  <testcase classname="tests.DairyRefresh" name="viewDiary" time="2.217"/>
  <testcase classname="tests.DairyRefresh" name="viewDiary" time="0.281"/>
  <testcase classname="tests.DairyRefresh" name="viewDiary" time="2.203"/>
  <testcase classname="tests.DairyRefresh" name="viewDiary" time="0.247"/>
  <testcase classname="tests.DairyRefresh" name="viewDiary" time="2.264"/>
  <testcase classname="tests.DairyRefresh" name="viewDiary" time="0.23"/>
  <testcase classname="tests.DairyRefresh" name="viewDiary" time="2.254"/>
  <testcase classname="tests.DairyRefresh" name="viewDiary" time="0.22"/>
  <testcase classname="tests.DairyRefresh" name="viewDiary" time="2.262"/>
  <testcase classname="tests.DairyRefresh" name="viewDiary" time="0.219"/>
  <testcase classname="tests.DairyRefresh" name="viewDiary" time="2.296"/>
  <testcase classname="tests.DairyRefresh" name="viewDiary" time="0.217"/>
  <testcase classname="tests.DairyRefresh" name="viewDiary" time="2.247"/>
  <testcase classname="tests.DairyRefresh" name="viewDiary" time="0.251"/>
  <testcase classname="tests.DairyRefresh" name="viewDiary" time="2.23"/>
  <testcase classname="tests.DairyRefresh" name="viewDiary" time="0.264"/>
  <testcase classname="tests.DairyRefresh" name="viewDiary" time="2.216"/>
  <testcase classname="tests.DairyRefresh" name="viewDiary" time="0.25"/>
  <testcase classname="tests.DairyRefresh" name="viewDiary" time="2.234"/>
  <testcase classname="tests.DairyRefresh" name="viewDiary" time="0.25"/>
  <testcase classname="tests.DairyRefresh" name="viewDiary" time="2.263"/>
  <testcase classname="tests.DairyRefresh" name="viewDiary" time="0.239"/>
  <testcase classname="tests.DairyRefresh" name="viewDiary" time="2.262"/>
  <testcase classname="tests.DairyRefresh" name="viewDiary" time="0.239"/>
  <testcase classname="tests.DairyRefresh" name="viewDiary" time="2.275"/>
  <testcase classname="tests.DairyRefresh" name="viewDiary" time="0.202"/>
  <testcase classname="tests.DairyRefresh" name="viewDiary" time="2.246"/>
  <testcase classname="tests.DairyRefresh" name="viewDiary" time="0.207"/>
  <testcase classname="tests.DairyRefresh" name="viewDiary" time="2.292"/>
  <testcase classname="tests.DairyRefresh" name="viewDiary" time="0.222"/>
  <testcase classname="tests.DairyRefresh" name="viewDiary" time="2.266"/>
  <testcase classname="tests.DairyRefresh" name="viewDiary" time="0.216"/>
  <testcase classname="tests.DairyRefresh" name="viewDiary" time="2.227"/>
  <testcase classname="tests.DairyRefresh" name="viewDiary" time="0.282"/>
  <testcase classname="tests.DairyRefresh" name="viewDiary" time="2.199"/>
  <testcase classname="tests.DairyRefresh" name="viewDiary" time="0.262"/>
  <testcase classname="tests.DairyRefresh" name="viewDiary" time="2.219"/>
  <testcase classname="tests.DairyRefresh" name="viewDiary" time="0.267"/>
  <testcase classname="tests.DairyRefresh" name="viewDiary" time="2.231"/>
  <testcase classname="tests.DairyRefresh" name="viewDiary" time="0.252"/>
  <testcase classname="tests.DairyRefresh" name="viewDiary" time="2.216"/>
  <testcase classname="tests.DairyRefresh" name="viewDiary" time="0.248"/>
  <testcase classname="tests.DairyRefresh" name="viewDiary" time="2.65"/>
  <testcase classname="tests.DairyRefresh" name="viewDiary" time="2.549"/>
  <testcase classname="tests.DairyRefresh" name="viewDiary" time="0.22"/>
  <testcase classname="tests.DairyRefresh" name="viewDiary" time="2.245"/>
  <testcase classname="tests.DairyRefresh" name="viewDiary" time="0.232"/>
  <testcase classname="tests.DairyRefresh" name="viewDiary" time="2.234"/>
  <testcase classname="tests.DairyRefresh" name="viewDiary" time="0.233"/>
  <testcase classname="tests.DairyRefresh" name="viewDiary" time="2.248"/>
  <testcase classname="tests.DairyRefresh" name="viewDiary" time="0.248"/>
  <testcase classname="tests.DairyRefresh" name="viewDiary" time="2.248"/>
  <testcase classname="tests.DairyRefresh" name="viewDiary" time="0.235"/>
  <testcase classname="tests.DairyRefresh" name="viewDiary" time="2.252"/>
  <testcase classname="tests.DairyRefresh" name="viewDiary" time="0.23"/>
  <testcase classname="tests.DairyRefresh" name="viewDiary" time="2.236"/>
  <testcase classname="tests.DairyRefresh" name="viewDiary" time="0.261"/>
  <testcase classname="tests.DairyRefresh" name="viewDiary" time="2.258"/>
  <testcase classname="tests.DairyRefresh" name="viewDiary" time="0.266"/>
  <testcase classname="tests.DairyRefresh" name="viewDiary" time="2.24"/>
  <testcase classname="tests.DairyRefresh" name="viewDiary" time="0.27"/>
  <testcase classname="tests.DairyRefresh" name="viewDiary" time="2.212"/>
  <testcase classname="tests.DairyRefresh" name="viewDiary" time="0.29"/>
  <testcase classname="tests.DairyRefresh" name="viewDiary" time="2.202"/>
  <testcase classname="tests.DairyRefresh" name="viewDiary" time="0.31"/>
  <testcase classname="tests.DairyRefresh" name="viewDiary" time="2.226"/>
  <testcase classname="tests.DairyRefresh" name="viewDiary" time="0.304"/>
  <testcase classname="tests.DairyRefresh" name="viewDiary" time="2.198"/>
  <testcase classname="tests.DairyRefresh" name="viewDiary" time="0.289"/>
  <testcase classname="tests.DairyRefresh" name="viewDiary" time="2.207"/>
  <testcase classname="tests.DairyRefresh" name="viewDiary" time="0.276"/>
  <testcase classname="tests.DairyRefresh" name="viewDiary" time="2.235"/>
  <testcase classname="tests.DairyRefresh" name="viewDiary" time="0.257"/>
  <testcase classname="tests.DairyRefresh" name="viewDiary" time="2.24"/>
  <testcase classname="tests.DairyRefresh" name="viewDiary" time="0.215"/>
  <testcase classname="tests.DairyRefresh" name="viewDiary" time="2.264"/>
  <testcase classname="tests.DairyRefresh" name="viewDiary" time="0.231"/>
  <testcase classname="tests.DairyRefresh" name="viewDiary" time="2.271"/>
  <testcase classname="tests.DairyRefresh" name="viewDiary" time="0.25"/>
  <testcase classname="tests.DairyRefresh" name="viewDiary" time="2.246"/>
  <testcase classname="tests.DairyRefresh" name="viewDiary" time="0.244"/>
  <testcase classname="tests.DairyRefresh" name="viewDiary" time="2.25"/>
  <testcase classname="tests.DairyRefresh" name="viewDiary" time="0.273"/>
  <testcase classname="tests.DairyRefresh" name="viewDiary" time="2.245"/>
  <testcase classname="tests.DairyRefresh" name="viewDiary" time="0.245"/>
  <testcase classname="tests.DairyRefresh" name="viewDiary" time="2.256"/>
  <testcase classname="tests.DairyRefresh" name="viewDiary" time="0.226"/>
  <testcase classname="tests.DairyRefresh" name="viewDiary" time="2.268"/>
  <testcase classname="tests.DairyRefresh" name="viewDiary" time="0.248"/>
  <testcase classname="tests.DairyRefresh" name="viewDiary" time="2.219"/>
  <testcase classname="tests.DairyRefresh" name="viewDiary" time="0.297"/>
  <testcase classname="tests.DairyRefresh" name="viewDiary" time="2.151"/>
  <testcase classname="tests.DairyRefresh" name="viewDiary" time="0.347"/>
  <testcase classname="tests.DairyRefresh" name="viewDiary" time="2.131"/>
  <testcase classname="tests.DairyRefresh" name="viewDiary" time="0.401"/>
  <testcase classname="tests.DairyRefresh" name="viewDiary" time="2.098"/>
  <testcase classname="tests.DairyRefresh" name="viewDiary" time="0.398"/>
  <testcase classname="tests.DairyRefresh" name="viewDiary" time="2.104"/>
  <testcase classname="tests.DairyRefresh" name="viewDiary" time="0.398"/>
  <testcase classname="tests.DairyRefresh" name="viewDiary" time="2.08"/>
  <testcase classname="tests.DairyRefresh" name="viewDiary" time="0.416"/>
  <testcase classname="tests.DairyRefresh" name="viewDiary" time="2.085"/>
  <testcase classname="tests.DairyRefresh" name="viewDiary" time="0.399"/>
  <testcase classname="tests.DairyRefresh" name="viewDiary" time="2.048"/>
  <testcase classname="tests.DairyRefresh" name="viewDiary" time="0.448"/>
  <testcase classname="tests.DairyRefresh" name="viewDiary" time="2.035"/>
  <testcase classname="tests.DairyRefresh" name="viewDiary" time="0.466"/>
  <testcase classname="tests.DairyRefresh" name="viewDiary" time="2.031"/>
  <testcase classname="tests.DairyRefresh" name="viewDiary" time="0.449"/>
  <testcase classname="tests.DairyRefresh" name="viewDiary" time="2.017"/>
  <testcase classname="tests.DairyRefresh" name="viewDiary" time="0.481"/>
  <testcase classname="tests.DairyRefresh" name="viewDiary" time="1.984"/>
  <testcase classname="tests.DairyRefresh" name="viewDiary" time="0.482"/>
  <testcase classname="tests.DairyRefresh" name="viewDiary" time="2.016"/>
  <testcase classname="tests.DairyRefresh" name="viewDiary" time="0.467"/>
  <testcase classname="tests.DairyRefresh" name="viewDiary" time="2.01"/>
  <testcase classname="tests.DairyRefresh" name="viewDiary" time="0.503"/>
  <testcase classname="tests.DairyRefresh" name="viewDiary" time="1.983"/>
  <testcase classname="tests.DairyRefresh" name="viewDiary" time="0.483"/>
  <testcase classname="tests.DairyRefresh" name="viewDiary" time="2.016"/>
  <testcase classname="tests.DairyRefresh" name="viewDiary" time="0.482"/>
  <testcase classname="tests.DairyRefresh" name="viewDiary" time="1.984"/>
  <testcase classname="tests.DairyRefresh" name="viewDiary" time="0.534"/>
  <testcase classname="tests.DairyRefresh" name="viewDiary" time="1.962"/>
  <testcase classname="tests.DairyRefresh" name="viewDiary" time="0.53"/>
  <testcase classname="tests.DairyRefresh" name="viewDiary" time="1.94"/>
  <testcase classname="tests.DairyRefresh" name="viewDiary" time="0.564"/>
  <testcase classname="tests.DairyRefresh" name="viewDiary" time="1.917"/>
  <testcase classname="tests.DairyRefresh" name="viewDiary" time="0.599"/>
  <testcase classname="tests.DairyRefresh" name="viewDiary" time="1.881"/>
  <testcase classname="tests.DairyRefresh" name="viewDiary" time="0.6"/>
  <testcase classname="tests.DairyRefresh" name="viewDiary" time="1.883"/>
  <testcase classname="tests.DairyRefresh" name="viewDiary" time="0.616"/>
  <testcase classname="tests.DairyRefresh" name="viewDiary" time="1.852"/>
  <testcase classname="tests.DairyRefresh" name="viewDiary" time="0.643"/>
  <testcase classname="tests.DairyRefresh" name="viewDiary" time="1.821"/>
  <testcase classname="tests.DairyRefresh" name="viewDiary" time="0.651"/>
  <testcase classname="tests.DairyRefresh" name="viewDiary" time="1.849"/>
  <testcase classname="tests.DairyRefresh" name="viewDiary" time="0.65"/>
  <testcase classname="tests.DairyRefresh" name="viewDiary" time="1.814"/>
  <testcase classname="tests.DairyRefresh" name="viewDiary" time="0.665"/>
  <testcase classname="tests.DairyRefresh" name="viewDiary" time="1.815"/>
  <testcase classname="tests.DairyRefresh" name="viewDiary" time="0.648"/>
  <testcase classname="tests.DairyRefresh" name="viewDiary" time="1.798"/>
  <testcase classname="tests.DairyRefresh" name="viewDiary" time="0.704"/>
  <testcase classname="tests.DairyRefresh" name="viewDiary" time="1.8"/>
  <testcase classname="tests.DairyRefresh" name="viewDiary" time="0.667"/>
  <testcase classname="tests.DairyRefresh" name="viewDiary" time="1.828"/>
  <testcase classname="tests.DairyRefresh" name="viewDiary" time="0.685"/>
  <testcase classname="tests.DairyRefresh" name="viewDiary" time="1.8"/>
  <testcase classname="tests.DairyRefresh" name="viewDiary" time="0.684"/>
  <testcase classname="tests.DairyRefresh" name="viewDiary" time="1.814"/>
  <testcase classname="tests.DairyRefresh" name="viewDiary" time="0.666"/>
  <testcase classname="tests.DairyRefresh" name="viewDiary" time="1.814"/>
  <testcase classname="tests.DairyRefresh" name="viewDiary" time="0.664"/>
  <testcase classname="tests.DairyRefresh" name="viewDiary" time="1.815"/>
  <testcase classname="tests.DairyRefresh" name="viewDiary" time="0.665"/>
  <testcase classname="tests.DairyRefresh" name="viewDiary" time="1.798"/>
  <testcase classname="tests.DairyRefresh" name="viewDiary" time="0.7"/>
  <testcase classname="tests.DairyRefresh" name="viewDiary" time="1.766"/>
  <testcase classname="tests.DairyRefresh" name="viewDiary" time="0.716"/>
  <testcase classname="tests.DairyRefresh" name="viewDiary" time="1.756"/>
  <testcase classname="tests.DairyRefresh" name="viewDiary" time="0.731"/>
  <testcase classname="tests.DairyRefresh" name="viewDiary" time="1.747"/>
  <testcase classname="tests.DairyRefresh" name="viewDiary" time="0.751"/>
  <testcase classname="tests.DairyRefresh" name="viewDiary" time="1.733"/>
  <testcase classname="tests.DairyRefresh" name="viewDiary" time="0.701"/>
  <testcase classname="tests.DairyRefresh" name="viewDiary" time="1.784"/>
  <testcase classname="tests.DairyRefresh" name="viewDiary" time="0.682"/>
  <testcase classname="tests.DairyRefresh" name="viewDiary" time="1.815"/>
  <testcase classname="tests.DairyRefresh" name="viewDiary" time="0.665"/>
  <testcase classname="tests.DairyRefresh" name="viewDiary" time="1.867"/>
  <testcase classname="tests.DairyRefresh" name="viewDiary" time="0.619"/>
  <testcase classname="tests.DairyRefresh" name="viewDiary" time="1.881"/>
  <testcase classname="tests.DairyRefresh" name="viewDiary" time="0.583"/>
  <testcase classname="tests.DairyRefresh" name="viewDiary" time="1.916"/>
  <testcase classname="tests.DairyRefresh" name="viewDiary" time="0.548"/>
  <testcase classname="tests.DairyRefresh" name="viewDiary" time="1.95"/>
  <testcase classname="tests.DairyRefresh" name="viewDiary" time="0.567"/>
  <testcase classname="tests.DairyRefresh" name="viewDiary" time="1.899"/>
  <testcase classname="tests.DairyRefresh" name="viewDiary" time="0.568"/>
  <testcase classname="tests.DairyRefresh" name="viewDiary" time="1.899"/>
  <testcase classname="tests.DairyRefresh" name="viewDiary" time="0.614"/>
  <testcase classname="tests.DairyRefresh" name="viewDiary" time="1.884"/>
  <testcase classname="tests.DairyRefresh" name="viewDiary" time="0.594"/>
  <testcase classname="tests.DairyRefresh" name="viewDiary" time="1.854"/>
  <testcase classname="tests.DairyRefresh" name="viewDiary" time="0.614"/>
  <testcase classname="tests.DairyRefresh" name="viewDiary" time="1.864"/>
  <testcase classname="tests.DairyRefresh" name="viewDiary" time="0.603"/>
  <testcase classname="tests.DairyRefresh" name="viewDiary" time="1.859"/>
  <testcase classname="tests.DairyRefresh" name="viewDiary" time="0.638"/>
  <testcase classname="tests.DairyRefresh" name="viewDiary" time="1.835"/>
  <testcase classname="tests.DairyRefresh" name="viewDiary" time="0.648"/>
  <testcase classname="tests.DairyRefresh" name="viewDiary" time="1.849"/>
  <testcase classname="tests.DairyRefresh" name="viewDiary" time="0.647"/>
  <testcase classname="tests.DairyRefresh" name="viewDiary" time="1.817"/>
  <testcase classname="tests.DairyRefresh" name="viewDiary" time="0.683"/>
  <testcase classname="tests.DairyRefresh" name="viewDiary" time="1.797"/>
  <testcase classname="tests.DairyRefresh" name="viewDiary" time="0.685"/>
  <testcase classname="tests.DairyRefresh" name="viewDiary" time="1.813"/>
  <testcase classname="tests.DairyRefresh" name="viewDiary" time="0.669"/>
  <testcase classname="tests.DairyRefresh" name="viewDiary" time="1.816"/>
  <testcase classname="tests.DairyRefresh" name="viewDiary" time="0.665"/>
  <testcase classname="tests.DairyRefresh" name="viewDiary" time="1.8"/>
  <testcase classname="tests.DairyRefresh" name="viewDiary" time="0.664"/>
  <testcase classname="tests.DairyRefresh" name="viewDiary" time="1.837"/>
  <testcase classname="tests.DairyRefresh" name="viewDiary" time="0.611"/>
  <testcase classname="tests.DairyRefresh" name="viewDiary" time="1.87"/>
  <testcase classname="tests.DairyRefresh" name="viewDiary" time="0.634"/>
  <testcase classname="tests.DairyRefresh" name="viewDiary" time="1.847"/>
  <testcase classname="tests.DairyRefresh" name="viewDiary" time="0.619"/>
  <testcase classname="tests.DairyRefresh" name="viewDiary" time="1.897"/>
  <testcase classname="tests.DairyRefresh" name="viewDiary" time="0.588"/>
  <testcase classname="tests.DairyRefresh" name="viewDiary" time="1.915"/>
  <testcase classname="tests.DairyRefresh" name="viewDiary" time="0.599"/>
  <testcase classname="tests.DairyRefresh" name="viewDiary" time="1.912"/>
  <testcase classname="tests.DairyRefresh" name="viewDiary" time="0.569"/>
  <testcase classname="tests.DairyRefresh" name="viewDiary" time="1.914"/>
  <testcase classname="tests.DairyRefresh" name="viewDiary" time="0.584"/>
  <testcase classname="tests.DairyRefresh" name="viewDiary" time="1.947"/>
  <testcase classname="tests.DairyRefresh" name="viewDiary" time="0.551"/>
  <testcase classname="tests.DairyRefresh" name="viewDiary" time="1.934"/>
  <testcase classname="tests.DairyRefresh" name="viewDiary" time="0.566"/>
  <testcase classname="tests.DairyRefresh" name="viewDiary" time="1.934"/>
  <testcase classname="tests.DairyRefresh" name="viewDiary" time="0.582"/>
  <testcase classname="tests.DairyRefresh" name="viewDiary" time="1.916"/>
  <testcase classname="tests.DairyRefresh" name="viewDiary" time="0.581"/>
  <testcase classname="tests.DairyRefresh" name="viewDiary" time="1.9"/>
  <testcase classname="tests.DairyRefresh" name="viewDiary" time="0.568"/>
  <testcase classname="tests.DairyRefresh" name="viewDiary" time="1.897"/>
  <testcase classname="tests.DairyRefresh" name="viewDiary" time="0.6"/>
  <testcase classname="tests.DairyRefresh" name="viewDiary" time="1.899"/>
  <testcase classname="tests.DairyRefresh" name="viewDiary" time="0.616"/>
  <testcase classname="tests.DairyRefresh" name="viewDiary" time="1.882"/>
  <testcase classname="tests.DairyRefresh" name="viewDiary" time="0.633"/>
  <testcase classname="tests.DairyRefresh" name="viewDiary" time="1.883"/>
  <testcase classname="tests.DairyRefresh" name="viewDiary" time="0.616"/>
  <testcase classname="tests.DairyRefresh" name="viewDiary" time="1.853"/>
  <testcase classname="tests.DairyRefresh" name="viewDiary" time="0.633"/>
  <testcase classname="tests.DairyRefresh" name="viewDiary" time="1.902"/>
  <testcase classname="tests.DairyRefresh" name="viewDiary" time="0.594"/>
  <testcase classname="tests.DairyRefresh" name="viewDiary" time="1.931"/>
  <testcase classname="tests.DairyRefresh" name="viewDiary" time="0.568"/>
  <testcase classname="tests.DairyRefresh" name="viewDiary" time="1.963"/>
  <testcase classname="tests.DairyRefresh" name="viewDiary" time="0.565"/>
  <testcase classname="tests.DairyRefresh" name="viewDiary" time="1.936"/>
  <testcase classname="tests.DairyRefresh" name="viewDiary" time="0.549"/>
  <testcase classname="tests.DairyRefresh" name="viewDiary" time="1.949"/>
  <testcase classname="tests.DairyRefresh" name="viewDiary" time="0.533"/>
  <testcase classname="tests.DairyRefresh" name="viewDiary" time="1.949"/>
  <testcase classname="tests.DairyRefresh" name="viewDiary" time="0.549"/>
  <testcase classname="tests.DairyRefresh" name="viewDiary" time="1.95"/>
  <testcase classname="tests.DairyRefresh" name="viewDiary" time="0.552"/>
  <testcase classname="tests.DairyRefresh" name="viewDiary" time="1.914"/>
  <testcase classname="tests.DairyRefresh" name="viewDiary" time="0.582"/>
  <testcase classname="tests.DairyRefresh" name="viewDiary" time="1.885"/>
  <testcase classname="tests.DairyRefresh" name="viewDiary" time="0.613"/>
  <testcase classname="tests.DairyRefresh" name="viewDiary" time="1.904"/>
  <testcase classname="tests.DairyRefresh" name="viewDiary" time="0.611"/>
  <testcase classname="tests.DairyRefresh" name="viewDiary" time="1.92"/>
  <testcase classname="tests.DairyRefresh" name="viewDiary" time="0.548"/>
  <testcase classname="tests.DairyRefresh" name="viewDiary" time="1.98"/>
  <testcase classname="tests.DairyRefresh" name="viewDiary" time="0.503"/>
  <testcase classname="tests.DairyRefresh" name="viewDiary" time="1.996"/>
  <testcase classname="tests.DairyRefresh" name="viewDiary" time="0.515"/>
  <testcase classname="tests.DairyRefresh" name="viewDiary" time="1.974"/>
  <testcase classname="tests.DairyRefresh" name="viewDiary" time="0.529"/>
  <testcase classname="tests.DairyRefresh" name="viewDiary" time="1.982"/>
  <testcase classname="tests.DairyRefresh" name="viewDiary" time="0.549"/>
  <testcase classname="tests.DairyRefresh" name="viewDiary" time="1.918"/>
  <testcase classname="tests.DairyRefresh" name="viewDiary" time="0.568"/>
  <testcase classname="tests.DairyRefresh" name="viewDiary" time="1.914"/>
  <testcase classname="tests.DairyRefresh" name="viewDiary" time="0.583"/>
  <testcase classname="tests.DairyRefresh" name="viewDiary" time="1.911"/>
  <testcase classname="tests.DairyRefresh" name="viewDiary" time="0.6"/>
  <testcase classname="tests.DairyRefresh" name="viewDiary" time="1.885"/>
  <testcase classname="tests.DairyRefresh" name="viewDiary" time="0.614"/>
  <testcase classname="tests.DairyRefresh" name="viewDiary" time="1.849"/>
  <testcase classname="tests.DairyRefresh" name="viewDiary" time="0.634"/>
  <testcase classname="tests.DairyRefresh" name="viewDiary" time="1.85"/>
  <testcase classname="tests.DairyRefresh" name="viewDiary" time="0.614"/>
</testsuite> <!-- Default test -->
